2021-04-27 14:02:39,221 INFO p.MainPage [main] Открыта главная страница otus.ru
2021-04-27 14:02:40,473 INFO p.MainPage [main] Окно с согласием на обработку куки не было показано
2021-04-27 14:02:42,207 INFO p.MainPage [main] Клик в меню 'Курсы'
2021-04-27 14:02:42,812 INFO p.MainPage [main] Курсор наведен на пункт 'Программирование'
2021-04-27 14:02:53,211 INFO p.MainPage [main] Открыта главная страница otus.ru
2021-04-27 14:02:53,717 INFO p.MainPage [main] Нажата кнопка OK с подтверждением куки
2021-04-27 14:02:54,977 INFO p.MainPage [main] Клик в меню 'Курсы'
2021-04-27 14:02:59,479 INFO p.MainPage [main] Открыта главная страница otus.ru
2021-04-27 14:03:00,670 INFO p.MainPage [main] Окно с согласием на обработку куки не было показано
2021-04-27 14:03:02,588 INFO p.MainPage [main] Клик в меню 'Курсы'
2021-04-27 14:03:03,203 INFO p.MainPage [main] Курсор наведен на пункт 'Тестирование'
2021-04-27 14:05:05,271 INFO p.MainPage [main] Открыта главная страница otus.ru
2021-04-27 14:05:06,524 INFO p.MainPage [main] Окно с согласием на обработку куки не было показано
2021-04-27 14:05:20,846 INFO p.MainPage [main] Клик в меню 'Курсы'
2021-04-27 14:05:26,837 INFO p.MainPage [main] Курсор наведен на пункт 'Программирование'
2021-04-27 14:06:43,927 INFO p.MainPage [main] Открыта главная страница otus.ru
2021-04-27 14:06:45,448 INFO p.MainPage [main] Окно с согласием на обработку куки не было показано
2021-04-27 14:06:46,946 INFO p.MainPage [main] Клик в меню 'Курсы'
2021-04-27 14:06:47,541 INFO p.MainPage [main] Курсор наведен на пункт 'Программирование'
2021-04-27 14:06:50,700 INFO p.MainPage [main] Клик на подпункт 'Backend-разработчик на PHP'
2021-04-27 14:07:21,958 INFO p.MainPage [main] Открыта главная страница otus.ru
2021-04-27 14:07:23,321 INFO p.MainPage [main] Окно с согласием на обработку куки не было показано
2021-04-27 14:07:25,059 INFO p.MainPage [main] Клик в меню 'Курсы'
2021-04-27 14:07:25,676 INFO p.MainPage [main] Курсор наведен на пункт 'Программирование'
2021-04-27 14:07:28,478 INFO p.MainPage [main] Клик на подпункт 'Backend-разработчик на PHP'
2021-04-27 14:08:37,133 INFO p.MainPage [main] Открыта главная страница otus.ru
2021-04-27 14:08:37,699 INFO p.MainPage [main] Нажата кнопка OK с подтверждением куки
2021-04-27 14:08:39,322 INFO p.MainPage [main] Клик в меню 'Курсы'
2021-04-27 14:08:40,019 INFO p.MainPage [main] Курсор наведен на пункт 'Программирование'
2021-04-27 14:08:43,246 INFO p.MainPage [main] Клик на подпункт 'Backend-разработчик на PHP'
2021-04-27 14:10:32,225 INFO p.MainPage [main] Открыта главная страница otus.ru
2021-04-27 14:10:33,412 INFO p.MainPage [main] Окно с согласием на обработку куки не было показано
2021-04-27 14:10:35,120 INFO p.MainPage [main] Клик в меню 'Курсы'
2021-04-27 14:10:35,732 INFO p.MainPage [main] Курсор наведен на пункт 'Программирование'
2021-04-27 14:10:38,679 INFO p.MainPage [main] Клик на подпункт 'Backend-разработчик на PHP'
2021-04-27 14:11:23,595 INFO p.MainPage [main] Открыта главная страница otus.ru
2021-04-27 14:11:24,849 INFO p.MainPage [main] Окно с согласием на обработку куки не было показано
2021-04-27 14:11:26,550 INFO p.MainPage [main] Клик в меню 'Курсы'
2021-04-27 14:11:27,173 INFO p.MainPage [main] Курсор наведен на пункт 'Программирование'
2021-04-27 14:14:14,694 INFO p.MainPage [main] Открыта главная страница otus.ru
2021-04-27 14:14:16,112 INFO p.MainPage [main] Окно с согласием на обработку куки не было показано
2021-04-27 14:14:17,717 INFO p.MainPage [main] Клик в меню 'Курсы'
2021-04-27 14:14:18,307 INFO p.MainPage [main] Курсор наведен на пункт 'Data Science'
2021-04-27 14:14:20,878 INFO p.MainPage [main] Клик на подпункт 'Machine Learning. Professional'
2021-04-27 14:16:32,574 INFO p.MainPage [main] Открыта главная страница otus.ru
2021-04-27 14:16:33,766 INFO p.MainPage [main] Окно с согласием на обработку куки не было показано
2021-04-27 14:16:35,455 INFO p.MainPage [main] Клик в меню 'Курсы'
2021-04-27 14:16:36,061 INFO p.MainPage [main] Курсор наведен на пункт 'Программирование'
2021-04-27 14:16:38,752 INFO p.MainPage [main] Клик на подпункт 'Backend-разработчик на PHP'
2021-04-27 14:16:43,791 INFO p.MainPage [main] Открыта главная страница otus.ru
2021-04-27 14:16:44,992 INFO p.MainPage [main] Окно с согласием на обработку куки не было показано
2021-04-27 14:16:46,684 INFO p.MainPage [main] Клик в меню 'Курсы'
2021-04-27 14:16:47,293 INFO p.MainPage [main] Курсор наведен на пункт 'Data Science'
2021-04-27 14:16:49,850 INFO p.MainPage [main] Клик на подпункт 'Machine Learning. Professional'
2021-04-27 14:16:54,735 INFO p.MainPage [main] Открыта главная страница otus.ru
2021-04-27 14:16:55,246 INFO p.MainPage [main] Нажата кнопка OK с подтверждением куки
2021-04-27 14:16:56,889 INFO p.MainPage [main] Клик в меню 'Курсы'
2021-04-27 14:16:57,590 INFO p.MainPage [main] Курсор наведен на пункт 'Тестирование'
2021-04-27 14:19:03,455 INFO p.MainPage [main] Открыта главная страница otus.ru
2021-04-27 14:19:04,728 INFO p.MainPage [main] Окно с согласием на обработку куки не было показано
2021-04-27 14:19:06,386 INFO p.MainPage [main] Клик в меню 'Курсы'
2021-04-27 14:19:07,001 INFO p.MainPage [main] Курсор наведен на пункт 'Тестирование'
2021-04-27 14:19:09,355 INFO p.MainPage [main] Клик на подпункт 'Нагрузочное тестирование'
2021-04-27 14:20:15,839 INFO p.MainPage [main] Открыта главная страница otus.ru
2021-04-27 14:20:16,408 INFO p.MainPage [main] Нажата кнопка OK с подтверждением куки
2021-04-27 14:20:18,119 INFO p.MainPage [main] Клик в меню 'Курсы'
2021-04-27 14:20:18,821 INFO p.MainPage [main] Курсор наведен на пункт 'Программирование'
2021-04-27 14:20:21,613 INFO p.MainPage [main] Клик на подпункт 'Алгоритмы и структуры данных'
2021-04-27 14:21:31,209 INFO p.MainPage [main] Открыта главная страница otus.ru
2021-04-27 14:21:32,708 INFO p.MainPage [main] Окно с согласием на обработку куки не было показано
2021-04-27 14:21:34,441 INFO p.MainPage [main] Клик в меню 'Курсы'
2021-04-27 14:21:35,046 INFO p.MainPage [main] Курсор наведен на пункт 'Программирование'
2021-04-27 14:21:37,726 INFO p.MainPage [main] Клик на подпункт 'Алгоритмы и структуры данных'
2021-04-27 14:21:42,384 INFO p.MainPage [main] Открыта главная страница otus.ru
2021-04-27 14:21:43,559 INFO p.MainPage [main] Окно с согласием на обработку куки не было показано
2021-04-27 14:21:45,288 INFO p.MainPage [main] Клик в меню 'Курсы'
2021-04-27 14:21:45,889 INFO p.MainPage [main] Курсор наведен на пункт 'Data Science'
2021-04-27 14:21:48,897 INFO p.MainPage [main] Клик на подпункт 'Machine Learning. Professional'
2021-04-27 14:21:52,798 INFO p.MainPage [main] Открыта главная страница otus.ru
2021-04-27 14:21:54,023 INFO p.MainPage [main] Окно с согласием на обработку куки не было показано
2021-04-27 14:21:55,763 INFO p.MainPage [main] Клик в меню 'Курсы'
2021-04-27 14:21:56,342 INFO p.MainPage [main] Курсор наведен на пункт 'Тестирование'
2021-04-27 14:21:58,562 INFO p.MainPage [main] Клик на подпункт 'Нагрузочное тестирование'
